
 *************************
 Beispiel 3 der Aufgabenstellung
 *************************


 Groesse des Gebietes
35.0 30.0

 zu fahrende Route
Punkt A: (5.0;30.0)
Punkt E: (25.0;5.0)

 Stroemungen
(0.0;0.0) (35.0;30.0) SV = (1.0;-1.0)
(0.0;0.0) (15.0;25.0) SV = (1.79;0.894)
(15.0;10.0) (25.0;30.0) SV = (1.0;0.0)
(15.0;0.0) (35.0;10.0) SV = (2.121;-2.121)

 Daten für die Planung der Route:
Strecke von (5.0;30.0) nach (9.0;25.0)
Entfernung: 6.4 km
SKV = (2.1;-2.8)
Sollgeschwindigkeit: 3.6 km/h
Fahrzeit: 1.8 h

Strecke von (9.0;25.0) nach (15.0;17.5)
Entfernung: 9.6 km
SKV = (1.3;-4.7)
Sollgeschwindigkeit: 5.0 km/h
Fahrzeit: 1.9 h

Strecke von (15.0;17.5) nach (21.0;10.0)
Entfernung: 9.6 km
SKV = (2.1;-3.8)
Sollgeschwindigkeit: 4.4 km/h
Fahrzeit: 2.2 h

Strecke von (21.0;10.0) nach (25.0;5.0)
Entfernung: 6.4 km
SKV = (1.0;-1.7)
Sollgeschwindigkeit: 2.0 km/h
Fahrzeit: 3.1 h

