\BOOKMARK [0][-]{chapter.1}{Aufgabenanalyse}{}% 1
\BOOKMARK [1][-]{section.1.1}{Module}{chapter.1}% 2
\BOOKMARK [1][-]{section.1.2}{Randbedingungen}{chapter.1}% 3
\BOOKMARK [1][-]{section.1.3}{Grenzen und Einschr\344nkungen}{chapter.1}% 4
\BOOKMARK [0][-]{chapter.2}{Verfahrensbeschreibung}{}% 5
\BOOKMARK [1][-]{section.2.1}{Logische Datenstruktur}{chapter.2}% 6
\BOOKMARK [1][-]{section.2.2}{Algorithmus}{chapter.2}% 7
\BOOKMARK [2][-]{subsection.2.2.1}{Einlesen der}{section.2.2}% 8
\BOOKMARK [2][-]{subsection.2.2.2}{Verarbeitung}{section.2.2}% 9
\BOOKMARK [2][-]{subsection.2.2.3}{BESONDERER TEIL DES ALGORITHMUS}{section.2.2}% 10
\BOOKMARK [2][-]{subsection.2.2.4}{Ausgabe der Ergebnisse}{section.2.2}% 11
\BOOKMARK [2][-]{subsection.2.2.5}{Korrektheit des Verfahrens}{section.2.2}% 12
\BOOKMARK [1][-]{section.2.3}{Testf\344lle}{chapter.2}% 13
\BOOKMARK [2][-]{subsection.2.3.1}{Normalf\344lle}{section.2.3}% 14
\BOOKMARK [2][-]{subsection.2.3.2}{Fehlerf\344lle}{section.2.3}% 15
\BOOKMARK [2][-]{subsection.2.3.3}{Sonderf\344lle}{section.2.3}% 16
\BOOKMARK [0][-]{chapter.3}{Programmbeschreibung}{}% 17
\BOOKMARK [1][-]{section.3.1}{\334bersicht}{chapter.3}% 18
\BOOKMARK [1][-]{section.3.2}{Aufrufhierarchie}{chapter.3}% 19
\BOOKMARK [1][-]{section.3.3}{Klassen und deren Schnittstellen}{chapter.3}% 20
\BOOKMARK [0][-]{chapter.4}{Testdokumentation}{}% 21
\BOOKMARK [1][-]{section.4.1}{Teststrategie}{chapter.4}% 22
\BOOKMARK [1][-]{section.4.2}{Testbeispiele}{chapter.4}% 23
\BOOKMARK [2][-]{subsection.4.2.1}{IHK-Beispiele}{section.4.2}% 24
\BOOKMARK [2][-]{subsection.4.2.2}{Normalf\344lle}{section.4.2}% 25
\BOOKMARK [2][-]{subsection.4.2.3}{Sonderf\344lle}{section.4.2}% 26
\BOOKMARK [2][-]{subsection.4.2.4}{Fehlerf\344lle}{section.4.2}% 27
\BOOKMARK [0][-]{chapter.5}{Zusammenfassung und Ausblick}{}% 28
\BOOKMARK [0][-]{appendix.A}{Abweichungen und Erg\344nzungen zum Vorentwurf}{}% 29
\BOOKMARK [0][-]{appendix.B}{Benutzeranleitung}{}% 30
\BOOKMARK [1][-]{section.B.1}{Installationsvoraussetzungen}{appendix.B}% 31
\BOOKMARK [1][-]{section.B.2}{Installation}{appendix.B}% 32
\BOOKMARK [1][-]{section.B.3}{Kompilieren des Programms}{appendix.B}% 33
\BOOKMARK [1][-]{section.B.4}{Ausf\374hren des Programms}{appendix.B}% 34
\BOOKMARK [1][-]{section.B.5}{Ein- und Ausgabeformat}{appendix.B}% 35
\BOOKMARK [1][-]{section.B.6}{M\366gliche Fehlermeldungen}{appendix.B}% 36
\BOOKMARK [0][-]{appendix.C}{Entwicklungsumgebung}{}% 37
\BOOKMARK [0][-]{appendix.D}{Quellcode}{}% 38
